<?xml version="1.0" encoding="UTF-8"?>
<!-- Generated by org.testng.reporters.JUnitXMLReporter -->
<testsuite hostname="KAI-DT136" name="Live Tests" tests="4" failures="0" timestamp="20 Apr 2016 10:53:37 GMT" time="404.801" errors="0">
  <testcase name="ValidAuthorisedPlayerLogin" time="75.41" classname="TestCases.TestCase1"/>
  <testcase name="ValidAuthorisedParentLogin" time="73.728" classname="TestCases.TestCase2"/>
  <testcase name="ValidNonAuthorisedParentLogin" time="87.692" classname="TestCases.TestCase3"/>
  <testcase name="ValidNonAuthorisedPlayerLogin" time="87.378" classname="TestCases.TestCase4"/>
</testsuite> <!-- Live Tests -->
