<?xml version="1.0" encoding="UTF-8"?>
<!-- Generated by org.testng.reporters.JUnitXMLReporter -->
<testsuite hostname="DESKTOP-J13P4A7" name="Test" tests="8" failures="0" timestamp="16 Apr 2016 10:14:58 GMT" time="45.492" errors="0">
  <testcase name="getConfigObject" time="0.437" classname="UnitTest.ConfigDataProviderFactoryUnitTest"/>
  <testcase name="testGetChromePath" time="0.003" classname="UnitTest.ConfigDataProviderUnitTest"/>
  <testcase name="testGetIePath" time="0.002" classname="UnitTest.ConfigDataProviderUnitTest"/>
  <testcase name="getFirefoxDriverUnitTest" time="18.036" classname="UnitTest.BrowserFactoryUnitTest"/>
  <testcase name="getChromeDriverUnitTest" time="16.07" classname="UnitTest.BrowserFactoryUnitTest"/>
  <testcase name="getInternetExplorerDriverUnitTest" time="10.03" classname="UnitTest.BrowserFactoryUnitTest"/>
  <testcase name="testExcelDataProvider" time="0.856" classname="UnitTest.ExcelDataProviderUnitTest"/>
  <testcase name="getExcelObject" time="0.02" classname="UnitTest.ExcelDataProviderFactoryUnitTest"/>
</testsuite> <!-- Test -->
