<?xml version="1.0" encoding="UTF-8"?>
<testng-results skipped="0" failed="0" total="1" passed="1">
  <reporter-output>
  </reporter-output>
  <suite name="Default suite" duration-ms="94436" started-at="2016-04-16T13:53:40Z" finished-at="2016-04-16T13:55:15Z">
    <groups>
    </groups>
    <test name="Default test" duration-ms="94436" started-at="2016-04-16T13:53:40Z" finished-at="2016-04-16T13:55:15Z">
      <class name="TestCases.TestCase9">
        <test-method status="PASS" signature="setUp()[pri:0, instance:TestCases.TestCase9@5c3bd550]" name="setUp" is-config="true" duration-ms="121" started-at="2016-04-16T19:23:40Z" finished-at="2016-04-16T19:23:41Z">
          <reporter-output>
          </reporter-output>
        </test-method> <!-- setUp -->
        <test-method status="PASS" signature="createNewUserAge12()[pri:0, instance:TestCases.TestCase9@5c3bd550]" name="createNewUserAge12" duration-ms="94253" started-at="2016-04-16T19:23:41Z" finished-at="2016-04-16T19:25:15Z">
          <reporter-output>
          </reporter-output>
        </test-method> <!-- createNewUserAge12 -->
        <test-method status="PASS" signature="afterTest(org.testng.ITestResult)[pri:0, instance:TestCases.TestCase9@5c3bd550]" name="afterTest" is-config="true" duration-ms="1" started-at="2016-04-16T19:25:15Z" finished-at="2016-04-16T19:25:15Z">
          <params>
            <param index="0">
              <value>
                <![CDATA[[TestResult name=createNewUserAge12 status=SUCCESS method=TestCase9.createNewUserAge12()[pri:0, instance:TestCases.TestCase9@5c3bd550] output={null}]]]>
              </value>
            </param>
          </params>
          <reporter-output>
          </reporter-output>
        </test-method> <!-- afterTest -->
        <test-method status="PASS" signature="tearDown()[pri:0, instance:TestCases.TestCase9@5c3bd550]" name="tearDown" is-config="true" duration-ms="51" started-at="2016-04-16T19:25:15Z" finished-at="2016-04-16T19:25:15Z">
          <reporter-output>
          </reporter-output>
        </test-method> <!-- tearDown -->
      </class> <!-- TestCases.TestCase9 -->
    </test> <!-- Default test -->
  </suite> <!-- Default suite -->
</testng-results>
